<?xml version="1.0" encoding="UTF-8"?>
<coverage generated="1765623568376" clover="3.2.0">
  <project timestamp="1765623568377" name="All files">
    <metrics statements="207" coveredstatements="173" conditionals="96" coveredconditionals="65" methods="61" coveredmethods="46" elements="364" coveredelements="284" complexity="0" loc="207" ncloc="207" packages="1" files="2" classes="2"/>
    <file name="db.js" path="/home/run0/whitelist/whitelist-web/server/db.js">
      <metrics statements="100" coveredstatements="84" conditionals="57" coveredconditionals="35" methods="42" coveredmethods="32"/>
      <line num="1" count="1" type="stmt"/>
      <line num="2" count="1" type="stmt"/>
      <line num="3" count="1" type="stmt"/>
      <line num="5" count="1" type="cond" truecount="1" falsecount="1"/>
      <line num="6" count="1" type="stmt"/>
      <line num="7" count="1" type="stmt"/>
      <line num="10" count="1" type="cond" truecount="1" falsecount="1"/>
      <line num="11" count="1" type="cond" truecount="1" falsecount="1"/>
      <line num="14" count="1" type="stmt"/>
      <line num="24" count="1" type="stmt"/>
      <line num="25" count="1" type="cond" truecount="1" falsecount="1"/>
      <line num="26" count="0" type="stmt"/>
      <line num="29" count="0" type="stmt"/>
      <line num="31" count="1" type="stmt"/>
      <line num="35" count="14" type="stmt"/>
      <line num="38" count="1" type="stmt"/>
      <line num="43" count="1" type="stmt"/>
      <line num="45" count="0" type="cond" truecount="0" falsecount="2"/>
      <line num="46" count="0" type="cond" truecount="0" falsecount="2"/>
      <line num="47" count="0" type="cond" truecount="0" falsecount="2"/>
      <line num="52" count="32" type="stmt"/>
      <line num="56" count="9" type="stmt"/>
      <line num="60" count="4" type="cond" truecount="2" falsecount="0"/>
      <line num="61" count="1" type="stmt"/>
      <line num="63" count="3" type="stmt"/>
      <line num="70" count="3" type="stmt"/>
      <line num="71" count="3" type="stmt"/>
      <line num="72" count="3" type="stmt"/>
      <line num="76" count="1" type="stmt"/>
      <line num="77" count="1" type="cond" truecount="1" falsecount="1"/>
      <line num="78" count="1" type="stmt"/>
      <line num="79" count="1" type="cond" truecount="1" falsecount="1"/>
      <line num="80" count="1" type="stmt"/>
      <line num="81" count="1" type="stmt"/>
      <line num="86" count="0" type="stmt"/>
      <line num="87" count="0" type="cond" truecount="0" falsecount="2"/>
      <line num="88" count="0" type="stmt"/>
      <line num="89" count="0" type="stmt"/>
      <line num="90" count="0" type="stmt"/>
      <line num="97" count="69" type="stmt"/>
      <line num="98" count="16" type="cond" truecount="2" falsecount="0"/>
      <line num="99" count="43" type="stmt"/>
      <line num="103" count="10" type="stmt"/>
      <line num="104" count="10" type="stmt"/>
      <line num="105" count="34" type="cond" truecount="3" falsecount="0"/>
      <line num="109" count="10" type="cond" truecount="2" falsecount="0"/>
      <line num="110" count="1" type="stmt"/>
      <line num="112" count="9" type="stmt"/>
      <line num="120" count="9" type="stmt"/>
      <line num="121" count="9" type="stmt"/>
      <line num="122" count="9" type="stmt"/>
      <line num="126" count="1" type="stmt"/>
      <line num="127" count="1" type="cond" truecount="1" falsecount="1"/>
      <line num="128" count="1" type="stmt"/>
      <line num="129" count="1" type="stmt"/>
      <line num="134" count="1" type="stmt"/>
      <line num="135" count="1" type="stmt"/>
      <line num="136" count="3" type="stmt"/>
      <line num="137" count="3" type="cond" truecount="1" falsecount="1"/>
      <line num="138" count="3" type="stmt"/>
      <line num="139" count="3" type="cond" truecount="1" falsecount="1"/>
      <line num="142" count="1" type="stmt"/>
      <line num="148" count="6" type="stmt"/>
      <line num="149" count="6" type="cond" truecount="1" falsecount="1"/>
      <line num="150" count="6" type="cond" truecount="2" falsecount="0"/>
      <line num="151" count="5" type="stmt"/>
      <line num="153" count="1" type="stmt"/>
      <line num="157" count="0" type="stmt"/>
      <line num="158" count="0" type="cond" truecount="0" falsecount="2"/>
      <line num="159" count="0" type="stmt"/>
      <line num="160" count="0" type="stmt"/>
      <line num="167" count="13" type="stmt"/>
      <line num="168" count="13" type="cond" truecount="1" falsecount="1"/>
      <line num="170" count="13" type="stmt"/>
      <line num="171" count="13" type="stmt"/>
      <line num="173" count="13" type="cond" truecount="1" falsecount="1"/>
      <line num="174" count="0" type="stmt"/>
      <line num="177" count="26" type="stmt"/>
      <line num="178" count="13" type="cond" truecount="2" falsecount="0"/>
      <line num="179" count="9" type="stmt"/>
      <line num="180" count="18" type="stmt"/>
      <line num="181" count="9" type="stmt"/>
      <line num="184" count="26" type="stmt"/>
      <line num="185" count="13" type="cond" truecount="2" falsecount="0"/>
      <line num="186" count="5" type="stmt"/>
      <line num="187" count="5" type="stmt"/>
      <line num="188" count="5" type="stmt"/>
      <line num="191" count="26" type="stmt"/>
      <line num="192" count="13" type="cond" truecount="2" falsecount="0"/>
      <line num="193" count="3" type="stmt"/>
      <line num="194" count="3" type="stmt"/>
      <line num="195" count="3" type="stmt"/>
      <line num="198" count="13" type="stmt"/>
      <line num="199" count="13" type="stmt"/>
      <line num="200" count="13" type="stmt"/>
      <line num="204" count="0" type="stmt"/>
      <line num="210" count="1" type="stmt"/>
      <line num="212" count="8" type="stmt"/>
      <line num="213" count="8" type="cond" truecount="2" falsecount="0"/>
      <line num="217" count="1" type="stmt"/>
    </file>
    <file name="index.js" path="/home/run0/whitelist/whitelist-web/server/index.js">
      <metrics statements="107" coveredstatements="89" conditionals="39" coveredconditionals="30" methods="19" coveredmethods="14"/>
      <line num="1" count="1" type="stmt"/>
      <line num="2" count="1" type="stmt"/>
      <line num="3" count="1" type="stmt"/>
      <line num="4" count="1" type="stmt"/>
      <line num="5" count="1" type="stmt"/>
      <line num="7" count="1" type="stmt"/>
      <line num="9" count="1" type="stmt"/>
      <line num="10" count="1" type="cond" truecount="2" falsecount="0"/>
      <line num="13" count="1" type="stmt"/>
      <line num="14" count="1" type="stmt"/>
      <line num="15" count="1" type="stmt"/>
      <line num="16" count="1" type="stmt"/>
      <line num="27" count="1" type="stmt"/>
      <line num="31" count="23" type="cond" truecount="2" falsecount="0"/>
      <line num="32" count="22" type="stmt"/>
      <line num="34" count="1" type="stmt"/>
      <line num="40" count="1" type="stmt"/>
      <line num="41" count="6" type="stmt"/>
      <line num="42" count="6" type="stmt"/>
      <line num="43" count="6" type="cond" truecount="2" falsecount="0"/>
      <line num="44" count="5" type="stmt"/>
      <line num="45" count="5" type="stmt"/>
      <line num="47" count="1" type="stmt"/>
      <line num="51" count="1" type="stmt"/>
      <line num="52" count="1" type="stmt"/>
      <line num="53" count="1" type="stmt"/>
      <line num="56" count="1" type="stmt"/>
      <line num="57" count="2" type="cond" truecount="2" falsecount="0"/>
      <line num="58" count="1" type="stmt"/>
      <line num="60" count="1" type="stmt"/>
      <line num="64" count="1" type="stmt"/>
      <line num="65" count="0" type="stmt"/>
      <line num="66" count="0" type="cond" truecount="0" falsecount="4"/>
      <line num="67" count="0" type="stmt"/>
      <line num="69" count="0" type="stmt"/>
      <line num="70" count="0" type="stmt"/>
      <line num="75" count="1" type="stmt"/>
      <line num="76" count="1" type="stmt"/>
      <line num="81" count="1" type="stmt"/>
      <line num="82" count="1" type="stmt"/>
      <line num="85" count="1" type="stmt"/>
      <line num="86" count="5" type="stmt"/>
      <line num="87" count="5" type="cond" truecount="4" falsecount="0"/>
      <line num="88" count="1" type="stmt"/>
      <line num="91" count="4" type="stmt"/>
      <line num="92" count="4" type="stmt"/>
      <line num="93" count="4" type="stmt"/>
      <line num="94" count="3" type="stmt"/>
      <line num="95" count="3" type="stmt"/>
      <line num="97" count="1" type="cond" truecount="1" falsecount="1"/>
      <line num="98" count="1" type="stmt"/>
      <line num="100" count="0" type="stmt"/>
      <line num="104" count="1" type="stmt"/>
      <line num="105" count="1" type="stmt"/>
      <line num="106" count="1" type="cond" truecount="1" falsecount="1"/>
      <line num="107" count="0" type="stmt"/>
      <line num="109" count="1" type="stmt"/>
      <line num="112" count="1" type="stmt"/>
      <line num="113" count="1" type="stmt"/>
      <line num="114" count="1" type="stmt"/>
      <line num="115" count="1" type="stmt"/>
      <line num="116" count="1" type="stmt"/>
      <line num="119" count="1" type="stmt"/>
      <line num="120" count="0" type="stmt"/>
      <line num="121" count="0" type="stmt"/>
      <line num="126" count="1" type="stmt"/>
      <line num="127" count="3" type="stmt"/>
      <line num="128" count="3" type="stmt"/>
      <line num="131" count="1" type="stmt"/>
      <line num="132" count="8" type="stmt"/>
      <line num="133" count="8" type="cond" truecount="4" falsecount="0"/>
      <line num="134" count="1" type="stmt"/>
      <line num="136" count="7" type="stmt"/>
      <line num="137" count="7" type="cond" truecount="2" falsecount="0"/>
      <line num="138" count="6" type="stmt"/>
      <line num="139" count="6" type="stmt"/>
      <line num="141" count="1" type="stmt"/>
      <line num="145" count="1" type="stmt"/>
      <line num="146" count="1" type="stmt"/>
      <line num="147" count="1" type="cond" truecount="4" falsecount="1"/>
      <line num="148" count="0" type="stmt"/>
      <line num="150" count="1" type="stmt"/>
      <line num="151" count="1" type="stmt"/>
      <line num="152" count="1" type="stmt"/>
      <line num="155" count="1" type="stmt"/>
      <line num="157" count="1" type="stmt"/>
      <line num="158" count="1" type="stmt"/>
      <line num="159" count="1" type="cond" truecount="1" falsecount="1"/>
      <line num="160" count="0" type="stmt"/>
      <line num="162" count="1" type="stmt"/>
      <line num="167" count="1" type="stmt"/>
      <line num="168" count="3" type="stmt"/>
      <line num="169" count="3" type="cond" truecount="2" falsecount="0"/>
      <line num="170" count="1" type="stmt"/>
      <line num="172" count="2" type="stmt"/>
      <line num="173" count="2" type="stmt"/>
      <line num="178" count="1" type="stmt"/>
      <line num="179" count="0" type="stmt"/>
      <line num="183" count="1" type="stmt"/>
      <line num="184" count="0" type="stmt"/>
      <line num="185" count="0" type="stmt"/>
      <line num="189" count="1" type="cond" truecount="1" falsecount="1"/>
      <line num="190" count="0" type="stmt"/>
      <line num="191" count="0" type="stmt"/>
      <line num="192" count="0" type="stmt"/>
      <line num="195" count="0" type="stmt"/>
      <line num="200" count="1" type="stmt"/>
    </file>
  </project>
</coverage>
