{"/home/run0/whitelist/whitelist-web/server/db.js": {"path":"/home/run0/whitelist/whitelist-web/server/db.js","statementMap":{"0":{"start":{"line":1,"column":15},"end":{"line":1,"column":34}},"1":{"start":{"line":2,"column":13},"end":{"line":2,"column":28}},"2":{"start":{"line":3,"column":11},"end":{"line":3,"column":24}},"3":{"start":{"line":5,"column":17},"end":{"line":5,"column":75}},"4":{"start":{"line":6,"column":16},"end":{"line":6,"column":46}},"5":{"start":{"line":7,"column":19},"end":{"line":7,"column":48}},"6":{"start":{"line":10,"column":0},"end":{"line":10,"column":74}},"7":{"start":{"line":10,"column":30},"end":{"line":10,"column":74}},"8":{"start":{"line":11,"column":0},"end":{"line":11,"column":78}},"9":{"start":{"line":11,"column":32},"end":{"line":11,"column":78}},"10":{"start":{"line":14,"column":18},"end":{"line":20,"column":1}},"11":{"start":{"line":24,"column":4},"end":{"line":30,"column":5}},"12":{"start":{"line":25,"column":8},"end":{"line":27,"column":9}},"13":{"start":{"line":26,"column":12},"end":{"line":26,"column":65}},"14":{"start":{"line":29,"column":8},"end":{"line":29,"column":46}},"15":{"start":{"line":31,"column":4},"end":{"line":31,"column":28}},"16":{"start":{"line":35,"column":4},"end":{"line":35,"column":59}},"17":{"start":{"line":38,"column":9},"end":{"line":38,"column":17}},"18":{"start":{"line":43,"column":4},"end":{"line":48,"column":8}},"19":{"start":{"line":43,"column":31},"end":{"line":48,"column":5}},"20":{"start":{"line":45,"column":46},"end":{"line":45,"column":91}},"21":{"start":{"line":46,"column":54},"end":{"line":46,"column":107}},"22":{"start":{"line":47,"column":49},"end":{"line":47,"column":97}},"23":{"start":{"line":52,"column":4},"end":{"line":52,"column":54}},"24":{"start":{"line":52,"column":31},"end":{"line":52,"column":52}},"25":{"start":{"line":56,"column":4},"end":{"line":56,"column":48}},"26":{"start":{"line":56,"column":31},"end":{"line":56,"column":46}},"27":{"start":{"line":60,"column":4},"end":{"line":62,"column":5}},"28":{"start":{"line":60,"column":28},"end":{"line":60,"column":43}},"29":{"start":{"line":61,"column":8},"end":{"line":61,"column":51}},"30":{"start":{"line":63,"column":18},"end":{"line":69,"column":5}},"31":{"start":{"line":70,"column":4},"end":{"line":70,"column":26}},"32":{"start":{"line":71,"column":4},"end":{"line":71,"column":15}},"33":{"start":{"line":72,"column":4},"end":{"line":72,"column":20}},"34":{"start":{"line":76,"column":18},"end":{"line":76,"column":34}},"35":{"start":{"line":77,"column":4},"end":{"line":82,"column":5}},"36":{"start":{"line":78,"column":8},"end":{"line":78,"column":41}},"37":{"start":{"line":79,"column":8},"end":{"line":79,"column":40}},"38":{"start":{"line":80,"column":8},"end":{"line":80,"column":52}},"39":{"start":{"line":81,"column":8},"end":{"line":81,"column":19}},"40":{"start":{"line":86,"column":16},"end":{"line":86,"column":63}},"41":{"start":{"line":86,"column":41},"end":{"line":86,"column":62}},"42":{"start":{"line":87,"column":4},"end":{"line":91,"column":5}},"43":{"start":{"line":88,"column":8},"end":{"line":88,"column":33}},"44":{"start":{"line":89,"column":8},"end":{"line":89,"column":69}},"45":{"start":{"line":89,"column":40},"end":{"line":89,"column":67}},"46":{"start":{"line":90,"column":8},"end":{"line":90,"column":19}},"47":{"start":{"line":97,"column":16},"end":{"line":97,"column":70}},"48":{"start":{"line":97,"column":37},"end":{"line":97,"column":69}},"49":{"start":{"line":98,"column":4},"end":{"line":98,"column":57}},"50":{"start":{"line":98,"column":14},"end":{"line":98,"column":57}},"51":{"start":{"line":98,"column":40},"end":{"line":98,"column":55}},"52":{"start":{"line":99,"column":4},"end":{"line":99,"column":64}},"53":{"start":{"line":99,"column":32},"end":{"line":99,"column":62}},"54":{"start":{"line":103,"column":28},"end":{"line":103,"column":54}},"55":{"start":{"line":104,"column":19},"end":{"line":108,"column":5}},"56":{"start":{"line":105,"column":8},"end":{"line":107,"column":35}},"57":{"start":{"line":109,"column":4},"end":{"line":111,"column":5}},"58":{"start":{"line":110,"column":8},"end":{"line":110,"column":63}},"59":{"start":{"line":112,"column":17},"end":{"line":119,"column":5}},"60":{"start":{"line":120,"column":4},"end":{"line":120,"column":24}},"61":{"start":{"line":121,"column":4},"end":{"line":121,"column":15}},"62":{"start":{"line":122,"column":4},"end":{"line":122,"column":42}},"63":{"start":{"line":126,"column":16},"end":{"line":126,"column":62}},"64":{"start":{"line":126,"column":40},"end":{"line":126,"column":61}},"65":{"start":{"line":127,"column":4},"end":{"line":130,"column":5}},"66":{"start":{"line":128,"column":8},"end":{"line":128,"column":32}},"67":{"start":{"line":129,"column":8},"end":{"line":129,"column":19}},"68":{"start":{"line":134,"column":16},"end":{"line":134,"column":17}},"69":{"start":{"line":135,"column":4},"end":{"line":141,"column":5}},"70":{"start":{"line":136,"column":24},"end":{"line":136,"column":50}},"71":{"start":{"line":137,"column":8},"end":{"line":140,"column":9}},"72":{"start":{"line":138,"column":27},"end":{"line":138,"column":61}},"73":{"start":{"line":139,"column":12},"end":{"line":139,"column":40}},"74":{"start":{"line":139,"column":32},"end":{"line":139,"column":40}},"75":{"start":{"line":142,"column":4},"end":{"line":142,"column":17}},"76":{"start":{"line":148,"column":17},"end":{"line":148,"column":60}},"77":{"start":{"line":148,"column":36},"end":{"line":148,"column":59}},"78":{"start":{"line":149,"column":4},"end":{"line":149,"column":27}},"79":{"start":{"line":149,"column":15},"end":{"line":149,"column":27}},"80":{"start":{"line":150,"column":4},"end":{"line":152,"column":5}},"81":{"start":{"line":151,"column":8},"end":{"line":151,"column":56}},"82":{"start":{"line":153,"column":4},"end":{"line":153,"column":16}},"83":{"start":{"line":157,"column":17},"end":{"line":157,"column":52}},"84":{"start":{"line":157,"column":36},"end":{"line":157,"column":51}},"85":{"start":{"line":158,"column":4},"end":{"line":161,"column":5}},"86":{"start":{"line":159,"column":8},"end":{"line":159,"column":62}},"87":{"start":{"line":160,"column":8},"end":{"line":160,"column":19}},"88":{"start":{"line":167,"column":18},"end":{"line":167,"column":39}},"89":{"start":{"line":168,"column":4},"end":{"line":168,"column":28}},"90":{"start":{"line":168,"column":16},"end":{"line":168,"column":28}},"91":{"start":{"line":170,"column":18},"end":{"line":170,"column":42}},"92":{"start":{"line":171,"column":18},"end":{"line":171,"column":20}},"93":{"start":{"line":173,"column":4},"end":{"line":175,"column":5}},"94":{"start":{"line":174,"column":8},"end":{"line":174,"column":37}},"95":{"start":{"line":177,"column":22},"end":{"line":177,"column":63}},"96":{"start":{"line":177,"column":40},"end":{"line":177,"column":62}},"97":{"start":{"line":178,"column":4},"end":{"line":182,"column":5}},"98":{"start":{"line":179,"column":8},"end":{"line":179,"column":36}},"99":{"start":{"line":180,"column":8},"end":{"line":180,"column":58}},"100":{"start":{"line":180,"column":31},"end":{"line":180,"column":56}},"101":{"start":{"line":181,"column":8},"end":{"line":181,"column":24}},"102":{"start":{"line":184,"column":23},"end":{"line":184,"column":72}},"103":{"start":{"line":184,"column":41},"end":{"line":184,"column":71}},"104":{"start":{"line":185,"column":4},"end":{"line":189,"column":5}},"105":{"start":{"line":186,"column":8},"end":{"line":186,"column":45}},"106":{"start":{"line":187,"column":8},"end":{"line":187,"column":59}},"107":{"start":{"line":187,"column":32},"end":{"line":187,"column":57}},"108":{"start":{"line":188,"column":8},"end":{"line":188,"column":24}},"109":{"start":{"line":191,"column":24},"end":{"line":191,"column":68}},"110":{"start":{"line":191,"column":42},"end":{"line":191,"column":67}},"111":{"start":{"line":192,"column":4},"end":{"line":196,"column":5}},"112":{"start":{"line":193,"column":8},"end":{"line":193,"column":40}},"113":{"start":{"line":194,"column":8},"end":{"line":194,"column":60}},"114":{"start":{"line":194,"column":33},"end":{"line":194,"column":58}},"115":{"start":{"line":195,"column":8},"end":{"line":195,"column":24}},"116":{"start":{"line":198,"column":21},"end":{"line":198,"column":63}},"117":{"start":{"line":199,"column":4},"end":{"line":199,"column":54}},"118":{"start":{"line":200,"column":4},"end":{"line":200,"column":20}},"119":{"start":{"line":204,"column":4},"end":{"line":204,"column":52}},"120":{"start":{"line":204,"column":27},"end":{"line":204,"column":50}},"121":{"start":{"line":210,"column":4},"end":{"line":214,"column":6}},"122":{"start":{"line":212,"column":45},"end":{"line":212,"column":67}},"123":{"start":{"line":213,"column":43},"end":{"line":213,"column":102}},"124":{"start":{"line":217,"column":0},"end":{"line":234,"column":2}}},"fnMap":{"0":{"name":"loadDb","decl":{"start":{"line":23,"column":9},"end":{"line":23,"column":15}},"loc":{"start":{"line":23,"column":18},"end":{"line":32,"column":1}},"line":23},"1":{"name":"saveDb","decl":{"start":{"line":34,"column":9},"end":{"line":34,"column":15}},"loc":{"start":{"line":34,"column":20},"end":{"line":36,"column":1}},"line":34},"2":{"name":"getAllGroups","decl":{"start":{"line":42,"column":9},"end":{"line":42,"column":21}},"loc":{"start":{"line":42,"column":24},"end":{"line":49,"column":1}},"line":42},"3":{"name":"(anonymous_3)","decl":{"start":{"line":43,"column":25},"end":{"line":43,"column":26}},"loc":{"start":{"line":43,"column":31},"end":{"line":48,"column":5}},"line":43},"4":{"name":"(anonymous_4)","decl":{"start":{"line":45,"column":41},"end":{"line":45,"column":42}},"loc":{"start":{"line":45,"column":46},"end":{"line":45,"column":91}},"line":45},"5":{"name":"(anonymous_5)","decl":{"start":{"line":46,"column":49},"end":{"line":46,"column":50}},"loc":{"start":{"line":46,"column":54},"end":{"line":46,"column":107}},"line":46},"6":{"name":"(anonymous_6)","decl":{"start":{"line":47,"column":44},"end":{"line":47,"column":45}},"loc":{"start":{"line":47,"column":49},"end":{"line":47,"column":97}},"line":47},"7":{"name":"getGroupById","decl":{"start":{"line":51,"column":9},"end":{"line":51,"column":21}},"loc":{"start":{"line":51,"column":26},"end":{"line":53,"column":1}},"line":51},"8":{"name":"(anonymous_8)","decl":{"start":{"line":52,"column":26},"end":{"line":52,"column":27}},"loc":{"start":{"line":52,"column":31},"end":{"line":52,"column":52}},"line":52},"9":{"name":"getGroupByName","decl":{"start":{"line":55,"column":9},"end":{"line":55,"column":23}},"loc":{"start":{"line":55,"column":30},"end":{"line":57,"column":1}},"line":55},"10":{"name":"(anonymous_10)","decl":{"start":{"line":56,"column":26},"end":{"line":56,"column":27}},"loc":{"start":{"line":56,"column":31},"end":{"line":56,"column":46}},"line":56},"11":{"name":"createGroup","decl":{"start":{"line":59,"column":9},"end":{"line":59,"column":20}},"loc":{"start":{"line":59,"column":40},"end":{"line":73,"column":1}},"line":59},"12":{"name":"(anonymous_12)","decl":{"start":{"line":60,"column":23},"end":{"line":60,"column":24}},"loc":{"start":{"line":60,"column":28},"end":{"line":60,"column":43}},"line":60},"13":{"name":"updateGroup","decl":{"start":{"line":75,"column":9},"end":{"line":75,"column":20}},"loc":{"start":{"line":75,"column":47},"end":{"line":83,"column":1}},"line":75},"14":{"name":"deleteGroup","decl":{"start":{"line":85,"column":9},"end":{"line":85,"column":20}},"loc":{"start":{"line":85,"column":25},"end":{"line":92,"column":1}},"line":85},"15":{"name":"(anonymous_15)","decl":{"start":{"line":86,"column":36},"end":{"line":86,"column":37}},"loc":{"start":{"line":86,"column":41},"end":{"line":86,"column":62}},"line":86},"16":{"name":"(anonymous_16)","decl":{"start":{"line":89,"column":35},"end":{"line":89,"column":36}},"loc":{"start":{"line":89,"column":40},"end":{"line":89,"column":67}},"line":89},"17":{"name":"getRulesByGroup","decl":{"start":{"line":96,"column":9},"end":{"line":96,"column":24}},"loc":{"start":{"line":96,"column":47},"end":{"line":100,"column":1}},"line":96},"18":{"name":"(anonymous_18)","decl":{"start":{"line":97,"column":32},"end":{"line":97,"column":33}},"loc":{"start":{"line":97,"column":37},"end":{"line":97,"column":69}},"line":97},"19":{"name":"(anonymous_19)","decl":{"start":{"line":98,"column":35},"end":{"line":98,"column":36}},"loc":{"start":{"line":98,"column":40},"end":{"line":98,"column":55}},"line":98},"20":{"name":"(anonymous_20)","decl":{"start":{"line":99,"column":22},"end":{"line":99,"column":23}},"loc":{"start":{"line":99,"column":32},"end":{"line":99,"column":62}},"line":99},"21":{"name":"createRule","decl":{"start":{"line":102,"column":9},"end":{"line":102,"column":19}},"loc":{"start":{"line":102,"column":58},"end":{"line":123,"column":1}},"line":102},"22":{"name":"(anonymous_22)","decl":{"start":{"line":104,"column":33},"end":{"line":104,"column":34}},"loc":{"start":{"line":105,"column":8},"end":{"line":107,"column":35}},"line":105},"23":{"name":"deleteRule","decl":{"start":{"line":125,"column":9},"end":{"line":125,"column":19}},"loc":{"start":{"line":125,"column":24},"end":{"line":131,"column":1}},"line":125},"24":{"name":"(anonymous_24)","decl":{"start":{"line":126,"column":35},"end":{"line":126,"column":36}},"loc":{"start":{"line":126,"column":40},"end":{"line":126,"column":61}},"line":126},"25":{"name":"bulkCreateRules","decl":{"start":{"line":133,"column":9},"end":{"line":133,"column":24}},"loc":{"start":{"line":133,"column":48},"end":{"line":143,"column":1}},"line":133},"26":{"name":"validateUser","decl":{"start":{"line":147,"column":9},"end":{"line":147,"column":21}},"loc":{"start":{"line":147,"column":42},"end":{"line":154,"column":1}},"line":147},"27":{"name":"(anonymous_27)","decl":{"start":{"line":148,"column":31},"end":{"line":148,"column":32}},"loc":{"start":{"line":148,"column":36},"end":{"line":148,"column":59}},"line":148},"28":{"name":"changePassword","decl":{"start":{"line":156,"column":9},"end":{"line":156,"column":23}},"loc":{"start":{"line":156,"column":45},"end":{"line":162,"column":1}},"line":156},"29":{"name":"(anonymous_29)","decl":{"start":{"line":157,"column":31},"end":{"line":157,"column":32}},"loc":{"start":{"line":157,"column":36},"end":{"line":157,"column":51}},"line":157},"30":{"name":"exportGroupToFile","decl":{"start":{"line":166,"column":9},"end":{"line":166,"column":26}},"loc":{"start":{"line":166,"column":36},"end":{"line":201,"column":1}},"line":166},"31":{"name":"(anonymous_31)","decl":{"start":{"line":177,"column":35},"end":{"line":177,"column":36}},"loc":{"start":{"line":177,"column":40},"end":{"line":177,"column":62}},"line":177},"32":{"name":"(anonymous_32)","decl":{"start":{"line":180,"column":26},"end":{"line":180,"column":27}},"loc":{"start":{"line":180,"column":31},"end":{"line":180,"column":56}},"line":180},"33":{"name":"(anonymous_33)","decl":{"start":{"line":184,"column":36},"end":{"line":184,"column":37}},"loc":{"start":{"line":184,"column":41},"end":{"line":184,"column":71}},"line":184},"34":{"name":"(anonymous_34)","decl":{"start":{"line":187,"column":27},"end":{"line":187,"column":28}},"loc":{"start":{"line":187,"column":32},"end":{"line":187,"column":57}},"line":187},"35":{"name":"(anonymous_35)","decl":{"start":{"line":191,"column":37},"end":{"line":191,"column":38}},"loc":{"start":{"line":191,"column":42},"end":{"line":191,"column":67}},"line":191},"36":{"name":"(anonymous_36)","decl":{"start":{"line":194,"column":28},"end":{"line":194,"column":29}},"loc":{"start":{"line":194,"column":33},"end":{"line":194,"column":58}},"line":194},"37":{"name":"exportAllGroups","decl":{"start":{"line":203,"column":9},"end":{"line":203,"column":24}},"loc":{"start":{"line":203,"column":27},"end":{"line":205,"column":1}},"line":203},"38":{"name":"(anonymous_38)","decl":{"start":{"line":204,"column":22},"end":{"line":204,"column":23}},"loc":{"start":{"line":204,"column":27},"end":{"line":204,"column":50}},"line":204},"39":{"name":"getStats","decl":{"start":{"line":209,"column":9},"end":{"line":209,"column":17}},"loc":{"start":{"line":209,"column":20},"end":{"line":215,"column":1}},"line":209},"40":{"name":"(anonymous_40)","decl":{"start":{"line":212,"column":40},"end":{"line":212,"column":41}},"loc":{"start":{"line":212,"column":45},"end":{"line":212,"column":67}},"line":212},"41":{"name":"(anonymous_41)","decl":{"start":{"line":213,"column":38},"end":{"line":213,"column":39}},"loc":{"start":{"line":213,"column":43},"end":{"line":213,"column":102}},"line":213}},"branchMap":{"0":{"loc":{"start":{"line":5,"column":17},"end":{"line":5,"column":75}},"type":"binary-expr","locations":[{"start":{"line":5,"column":17},"end":{"line":5,"column":37}},{"start":{"line":5,"column":41},"end":{"line":5,"column":75}}],"line":5},"1":{"loc":{"start":{"line":10,"column":0},"end":{"line":10,"column":74}},"type":"if","locations":[{"start":{"line":10,"column":0},"end":{"line":10,"column":74}},{"start":{},"end":{}}],"line":10},"2":{"loc":{"start":{"line":11,"column":0},"end":{"line":11,"column":78}},"type":"if","locations":[{"start":{"line":11,"column":0},"end":{"line":11,"column":78}},{"start":{},"end":{}}],"line":11},"3":{"loc":{"start":{"line":15,"column":71},"end":{"line":15,"column":111}},"type":"binary-expr","locations":[{"start":{"line":15,"column":71},"end":{"line":15,"column":97}},{"start":{"line":15,"column":101},"end":{"line":15,"column":111}}],"line":15},"4":{"loc":{"start":{"line":25,"column":8},"end":{"line":27,"column":9}},"type":"if","locations":[{"start":{"line":25,"column":8},"end":{"line":27,"column":9}},{"start":{},"end":{}}],"line":25},"5":{"loc":{"start":{"line":45,"column":46},"end":{"line":45,"column":91}},"type":"binary-expr","locations":[{"start":{"line":45,"column":46},"end":{"line":45,"column":65}},{"start":{"line":45,"column":69},"end":{"line":45,"column":91}}],"line":45},"6":{"loc":{"start":{"line":46,"column":54},"end":{"line":46,"column":107}},"type":"binary-expr","locations":[{"start":{"line":46,"column":54},"end":{"line":46,"column":73}},{"start":{"line":46,"column":77},"end":{"line":46,"column":107}}],"line":46},"7":{"loc":{"start":{"line":47,"column":49},"end":{"line":47,"column":97}},"type":"binary-expr","locations":[{"start":{"line":47,"column":49},"end":{"line":47,"column":68}},{"start":{"line":47,"column":72},"end":{"line":47,"column":97}}],"line":47},"8":{"loc":{"start":{"line":60,"column":4},"end":{"line":62,"column":5}},"type":"if","locations":[{"start":{"line":60,"column":4},"end":{"line":62,"column":5}},{"start":{},"end":{}}],"line":60},"9":{"loc":{"start":{"line":77,"column":4},"end":{"line":82,"column":5}},"type":"if","locations":[{"start":{"line":77,"column":4},"end":{"line":82,"column":5}},{"start":{},"end":{}}],"line":77},"10":{"loc":{"start":{"line":79,"column":24},"end":{"line":79,"column":39}},"type":"cond-expr","locations":[{"start":{"line":79,"column":34},"end":{"line":79,"column":35}},{"start":{"line":79,"column":38},"end":{"line":79,"column":39}}],"line":79},"11":{"loc":{"start":{"line":87,"column":4},"end":{"line":91,"column":5}},"type":"if","locations":[{"start":{"line":87,"column":4},"end":{"line":91,"column":5}},{"start":{},"end":{}}],"line":87},"12":{"loc":{"start":{"line":96,"column":34},"end":{"line":96,"column":45}},"type":"default-arg","locations":[{"start":{"line":96,"column":41},"end":{"line":96,"column":45}}],"line":96},"13":{"loc":{"start":{"line":98,"column":4},"end":{"line":98,"column":57}},"type":"if","locations":[{"start":{"line":98,"column":4},"end":{"line":98,"column":57}},{"start":{},"end":{}}],"line":98},"14":{"loc":{"start":{"line":102,"column":42},"end":{"line":102,"column":56}},"type":"default-arg","locations":[{"start":{"line":102,"column":52},"end":{"line":102,"column":56}}],"line":102},"15":{"loc":{"start":{"line":105,"column":8},"end":{"line":107,"column":35}},"type":"binary-expr","locations":[{"start":{"line":105,"column":8},"end":{"line":105,"column":40}},{"start":{"line":106,"column":8},"end":{"line":106,"column":23}},{"start":{"line":107,"column":8},"end":{"line":107,"column":35}}],"line":105},"16":{"loc":{"start":{"line":109,"column":4},"end":{"line":111,"column":5}},"type":"if","locations":[{"start":{"line":109,"column":4},"end":{"line":111,"column":5}},{"start":{},"end":{}}],"line":109},"17":{"loc":{"start":{"line":127,"column":4},"end":{"line":130,"column":5}},"type":"if","locations":[{"start":{"line":127,"column":4},"end":{"line":130,"column":5}},{"start":{},"end":{}}],"line":127},"18":{"loc":{"start":{"line":137,"column":8},"end":{"line":140,"column":9}},"type":"if","locations":[{"start":{"line":137,"column":8},"end":{"line":140,"column":9}},{"start":{},"end":{}}],"line":137},"19":{"loc":{"start":{"line":139,"column":12},"end":{"line":139,"column":40}},"type":"if","locations":[{"start":{"line":139,"column":12},"end":{"line":139,"column":40}},{"start":{},"end":{}}],"line":139},"20":{"loc":{"start":{"line":149,"column":4},"end":{"line":149,"column":27}},"type":"if","locations":[{"start":{"line":149,"column":4},"end":{"line":149,"column":27}},{"start":{},"end":{}}],"line":149},"21":{"loc":{"start":{"line":150,"column":4},"end":{"line":152,"column":5}},"type":"if","locations":[{"start":{"line":150,"column":4},"end":{"line":152,"column":5}},{"start":{},"end":{}}],"line":150},"22":{"loc":{"start":{"line":158,"column":4},"end":{"line":161,"column":5}},"type":"if","locations":[{"start":{"line":158,"column":4},"end":{"line":161,"column":5}},{"start":{},"end":{}}],"line":158},"23":{"loc":{"start":{"line":168,"column":4},"end":{"line":168,"column":28}},"type":"if","locations":[{"start":{"line":168,"column":4},"end":{"line":168,"column":28}},{"start":{},"end":{}}],"line":168},"24":{"loc":{"start":{"line":173,"column":4},"end":{"line":175,"column":5}},"type":"if","locations":[{"start":{"line":173,"column":4},"end":{"line":175,"column":5}},{"start":{},"end":{}}],"line":173},"25":{"loc":{"start":{"line":178,"column":4},"end":{"line":182,"column":5}},"type":"if","locations":[{"start":{"line":178,"column":4},"end":{"line":182,"column":5}},{"start":{},"end":{}}],"line":178},"26":{"loc":{"start":{"line":185,"column":4},"end":{"line":189,"column":5}},"type":"if","locations":[{"start":{"line":185,"column":4},"end":{"line":189,"column":5}},{"start":{},"end":{}}],"line":185},"27":{"loc":{"start":{"line":192,"column":4},"end":{"line":196,"column":5}},"type":"if","locations":[{"start":{"line":192,"column":4},"end":{"line":196,"column":5}},{"start":{},"end":{}}],"line":192},"28":{"loc":{"start":{"line":213,"column":43},"end":{"line":213,"column":102}},"type":"binary-expr","locations":[{"start":{"line":213,"column":43},"end":{"line":213,"column":73}},{"start":{"line":213,"column":77},"end":{"line":213,"column":102}}],"line":213}},"s":{"0":1,"1":1,"2":1,"3":1,"4":1,"5":1,"6":1,"7":1,"8":1,"9":1,"10":1,"11":1,"12":1,"13":0,"14":0,"15":1,"16":14,"17":1,"18":1,"19":1,"20":0,"21":0,"22":0,"23":15,"24":32,"25":3,"26":9,"27":4,"28":4,"29":1,"30":3,"31":3,"32":3,"33":3,"34":1,"35":1,"36":1,"37":1,"38":1,"39":1,"40":0,"41":0,"42":0,"43":0,"44":0,"45":0,"46":0,"47":16,"48":69,"49":16,"50":1,"51":6,"52":16,"53":43,"54":10,"55":10,"56":34,"57":10,"58":1,"59":9,"60":9,"61":9,"62":9,"63":1,"64":1,"65":1,"66":1,"67":1,"68":1,"69":1,"70":3,"71":3,"72":3,"73":3,"74":3,"75":1,"76":6,"77":6,"78":6,"79":0,"80":6,"81":5,"82":1,"83":0,"84":0,"85":0,"86":0,"87":0,"88":13,"89":13,"90":0,"91":13,"92":13,"93":13,"94":0,"95":13,"96":26,"97":13,"98":9,"99":9,"100":18,"101":9,"102":13,"103":26,"104":13,"105":5,"106":5,"107":5,"108":5,"109":13,"110":26,"111":13,"112":3,"113":3,"114":3,"115":3,"116":13,"117":13,"118":13,"119":0,"120":0,"121":1,"122":8,"123":8,"124":1},"f":{"0":1,"1":14,"2":1,"3":1,"4":0,"5":0,"6":0,"7":15,"8":32,"9":3,"10":9,"11":4,"12":4,"13":1,"14":0,"15":0,"16":0,"17":16,"18":69,"19":6,"20":43,"21":10,"22":34,"23":1,"24":1,"25":1,"26":6,"27":6,"28":0,"29":0,"30":13,"31":26,"32":18,"33":26,"34":5,"35":26,"36":3,"37":0,"38":0,"39":1,"40":8,"41":8},"b":{"0":[1,0],"1":[1,0],"2":[1,0],"3":[1,1],"4":[0,1],"5":[0,0],"6":[0,0],"7":[0,0],"8":[1,3],"9":[1,0],"10":[1,0],"11":[0,0],"12":[15],"13":[1,15],"14":[9],"15":[34,19,11],"16":[1,9],"17":[1,0],"18":[3,0],"19":[3,0],"20":[0,6],"21":[5,1],"22":[0,0],"23":[0,13],"24":[0,13],"25":[9,4],"26":[5,8],"27":[3,10],"28":[8,6]},"_coverageSchema":"1a1c01bbd47fc00a2c39e90264f33305004495a9","hash":"ac986edc4ced6c1af5c1edaeb76218b2f58a8fd6"}
,"/home/run0/whitelist/whitelist-web/server/index.js": {"path":"/home/run0/whitelist/whitelist-web/server/index.js","statementMap":{"0":{"start":{"line":1,"column":16},"end":{"line":1,"column":34}},"1":{"start":{"line":2,"column":16},"end":{"line":2,"column":42}},"2":{"start":{"line":3,"column":21},"end":{"line":3,"column":45}},"3":{"start":{"line":4,"column":13},"end":{"line":4,"column":28}},"4":{"start":{"line":5,"column":23},"end":{"line":5,"column":38}},"5":{"start":{"line":7,"column":11},"end":{"line":7,"column":26}},"6":{"start":{"line":9,"column":12},"end":{"line":9,"column":21}},"7":{"start":{"line":10,"column":13},"end":{"line":10,"column":37}},"8":{"start":{"line":13,"column":0},"end":{"line":13,"column":24}},"9":{"start":{"line":14,"column":0},"end":{"line":14,"column":48}},"10":{"start":{"line":15,"column":0},"end":{"line":15,"column":24}},"11":{"start":{"line":16,"column":0},"end":{"line":24,"column":4}},"12":{"start":{"line":27,"column":0},"end":{"line":27,"column":62}},"13":{"start":{"line":31,"column":4},"end":{"line":35,"column":5}},"14":{"start":{"line":32,"column":8},"end":{"line":32,"column":15}},"15":{"start":{"line":34,"column":8},"end":{"line":34,"column":57}},"16":{"start":{"line":40,"column":0},"end":{"line":49,"column":3}},"17":{"start":{"line":41,"column":35},"end":{"line":41,"column":43}},"18":{"start":{"line":42,"column":17},"end":{"line":42,"column":52}},"19":{"start":{"line":43,"column":4},"end":{"line":48,"column":5}},"20":{"start":{"line":44,"column":8},"end":{"line":44,"column":32}},"21":{"start":{"line":45,"column":8},"end":{"line":45,"column":71}},"22":{"start":{"line":47,"column":8},"end":{"line":47,"column":66}},"23":{"start":{"line":51,"column":0},"end":{"line":54,"column":3}},"24":{"start":{"line":52,"column":4},"end":{"line":52,"column":26}},"25":{"start":{"line":53,"column":4},"end":{"line":53,"column":32}},"26":{"start":{"line":56,"column":0},"end":{"line":62,"column":3}},"27":{"start":{"line":57,"column":4},"end":{"line":61,"column":5}},"28":{"start":{"line":58,"column":8},"end":{"line":58,"column":89}},"29":{"start":{"line":60,"column":8},"end":{"line":60,"column":43}},"30":{"start":{"line":64,"column":0},"end":{"line":71,"column":3}},"31":{"start":{"line":65,"column":28},"end":{"line":65,"column":36}},"32":{"start":{"line":66,"column":4},"end":{"line":68,"column":5}},"33":{"start":{"line":67,"column":8},"end":{"line":67,"column":97}},"34":{"start":{"line":69,"column":4},"end":{"line":69,"column":56}},"35":{"start":{"line":70,"column":4},"end":{"line":70,"column":32}},"36":{"start":{"line":75,"column":0},"end":{"line":77,"column":3}},"37":{"start":{"line":76,"column":4},"end":{"line":76,"column":28}},"38":{"start":{"line":81,"column":0},"end":{"line":83,"column":3}},"39":{"start":{"line":82,"column":4},"end":{"line":82,"column":32}},"40":{"start":{"line":85,"column":0},"end":{"line":102,"column":3}},"41":{"start":{"line":86,"column":34},"end":{"line":86,"column":42}},"42":{"start":{"line":87,"column":4},"end":{"line":89,"column":5}},"43":{"start":{"line":88,"column":8},"end":{"line":88,"column":67}},"44":{"start":{"line":91,"column":21},"end":{"line":91,"column":68}},"45":{"start":{"line":92,"column":4},"end":{"line":101,"column":5}},"46":{"start":{"line":93,"column":19},"end":{"line":93,"column":56}},"47":{"start":{"line":94,"column":8},"end":{"line":94,"column":33}},"48":{"start":{"line":95,"column":8},"end":{"line":95,"column":56}},"49":{"start":{"line":97,"column":8},"end":{"line":99,"column":9}},"50":{"start":{"line":98,"column":12},"end":{"line":98,"column":88}},"51":{"start":{"line":100,"column":8},"end":{"line":100,"column":18}},"52":{"start":{"line":104,"column":0},"end":{"line":110,"column":3}},"53":{"start":{"line":105,"column":18},"end":{"line":105,"column":48}},"54":{"start":{"line":106,"column":4},"end":{"line":108,"column":5}},"55":{"start":{"line":107,"column":8},"end":{"line":107,"column":70}},"56":{"start":{"line":109,"column":4},"end":{"line":109,"column":20}},"57":{"start":{"line":112,"column":0},"end":{"line":117,"column":3}},"58":{"start":{"line":113,"column":37},"end":{"line":113,"column":45}},"59":{"start":{"line":114,"column":4},"end":{"line":114,"column":56}},"60":{"start":{"line":115,"column":4},"end":{"line":115,"column":40}},"61":{"start":{"line":116,"column":4},"end":{"line":116,"column":32}},"62":{"start":{"line":119,"column":0},"end":{"line":122,"column":3}},"63":{"start":{"line":120,"column":4},"end":{"line":120,"column":34}},"64":{"start":{"line":121,"column":4},"end":{"line":121,"column":32}},"65":{"start":{"line":126,"column":0},"end":{"line":129,"column":3}},"66":{"start":{"line":127,"column":21},"end":{"line":127,"column":30}},"67":{"start":{"line":128,"column":4},"end":{"line":128,"column":59}},"68":{"start":{"line":131,"column":0},"end":{"line":143,"column":3}},"69":{"start":{"line":132,"column":37},"end":{"line":132,"column":45}},"70":{"start":{"line":133,"column":4},"end":{"line":135,"column":5}},"71":{"start":{"line":134,"column":8},"end":{"line":134,"column":74}},"72":{"start":{"line":136,"column":19},"end":{"line":136,"column":74}},"73":{"start":{"line":137,"column":4},"end":{"line":142,"column":5}},"74":{"start":{"line":138,"column":8},"end":{"line":138,"column":49}},"75":{"start":{"line":139,"column":8},"end":{"line":139,"column":51}},"76":{"start":{"line":141,"column":8},"end":{"line":141,"column":54}},"77":{"start":{"line":145,"column":0},"end":{"line":153,"column":3}},"78":{"start":{"line":146,"column":29},"end":{"line":146,"column":37}},"79":{"start":{"line":147,"column":4},"end":{"line":149,"column":5}},"80":{"start":{"line":148,"column":8},"end":{"line":148,"column":76}},"81":{"start":{"line":150,"column":18},"end":{"line":150,"column":70}},"82":{"start":{"line":151,"column":4},"end":{"line":151,"column":45}},"83":{"start":{"line":152,"column":4},"end":{"line":152,"column":39}},"84":{"start":{"line":155,"column":0},"end":{"line":163,"column":3}},"85":{"start":{"line":157,"column":17},"end":{"line":157,"column":108}},"86":{"start":{"line":158,"column":4},"end":{"line":158,"column":33}},"87":{"start":{"line":159,"column":4},"end":{"line":161,"column":5}},"88":{"start":{"line":160,"column":8},"end":{"line":160,"column":44}},"89":{"start":{"line":162,"column":4},"end":{"line":162,"column":32}},"90":{"start":{"line":167,"column":0},"end":{"line":174,"column":3}},"91":{"start":{"line":168,"column":18},"end":{"line":168,"column":52}},"92":{"start":{"line":169,"column":4},"end":{"line":171,"column":5}},"93":{"start":{"line":170,"column":8},"end":{"line":170,"column":59}},"94":{"start":{"line":172,"column":21},"end":{"line":172,"column":51}},"95":{"start":{"line":173,"column":4},"end":{"line":173,"column":46}},"96":{"start":{"line":178,"column":0},"end":{"line":180,"column":3}},"97":{"start":{"line":179,"column":4},"end":{"line":179,"column":69}},"98":{"start":{"line":183,"column":0},"end":{"line":186,"column":3}},"99":{"start":{"line":184,"column":4},"end":{"line":184,"column":23}},"100":{"start":{"line":185,"column":4},"end":{"line":185,"column":66}},"101":{"start":{"line":189,"column":0},"end":{"line":197,"column":1}},"102":{"start":{"line":190,"column":4},"end":{"line":196,"column":7}},"103":{"start":{"line":191,"column":8},"end":{"line":191,"column":84}},"104":{"start":{"line":192,"column":8},"end":{"line":192,"column":62}},"105":{"start":{"line":195,"column":8},"end":{"line":195,"column":29}},"106":{"start":{"line":200,"column":0},"end":{"line":200,"column":21}}},"fnMap":{"0":{"name":"requireAuth","decl":{"start":{"line":30,"column":9},"end":{"line":30,"column":20}},"loc":{"start":{"line":30,"column":37},"end":{"line":36,"column":1}},"line":30},"1":{"name":"(anonymous_1)","decl":{"start":{"line":40,"column":28},"end":{"line":40,"column":29}},"loc":{"start":{"line":40,"column":42},"end":{"line":49,"column":1}},"line":40},"2":{"name":"(anonymous_2)","decl":{"start":{"line":51,"column":29},"end":{"line":51,"column":30}},"loc":{"start":{"line":51,"column":43},"end":{"line":54,"column":1}},"line":51},"3":{"name":"(anonymous_3)","decl":{"start":{"line":56,"column":27},"end":{"line":56,"column":28}},"loc":{"start":{"line":56,"column":41},"end":{"line":62,"column":1}},"line":56},"4":{"name":"(anonymous_4)","decl":{"start":{"line":64,"column":51},"end":{"line":64,"column":52}},"loc":{"start":{"line":64,"column":65},"end":{"line":71,"column":1}},"line":64},"5":{"name":"(anonymous_5)","decl":{"start":{"line":75,"column":35},"end":{"line":75,"column":36}},"loc":{"start":{"line":75,"column":49},"end":{"line":77,"column":1}},"line":75},"6":{"name":"(anonymous_6)","decl":{"start":{"line":81,"column":36},"end":{"line":81,"column":37}},"loc":{"start":{"line":81,"column":50},"end":{"line":83,"column":1}},"line":81},"7":{"name":"(anonymous_7)","decl":{"start":{"line":85,"column":37},"end":{"line":85,"column":38}},"loc":{"start":{"line":85,"column":51},"end":{"line":102,"column":1}},"line":85},"8":{"name":"(anonymous_8)","decl":{"start":{"line":104,"column":40},"end":{"line":104,"column":41}},"loc":{"start":{"line":104,"column":54},"end":{"line":110,"column":1}},"line":104},"9":{"name":"(anonymous_9)","decl":{"start":{"line":112,"column":40},"end":{"line":112,"column":41}},"loc":{"start":{"line":112,"column":54},"end":{"line":117,"column":1}},"line":112},"10":{"name":"(anonymous_10)","decl":{"start":{"line":119,"column":43},"end":{"line":119,"column":44}},"loc":{"start":{"line":119,"column":57},"end":{"line":122,"column":1}},"line":119},"11":{"name":"(anonymous_11)","decl":{"start":{"line":126,"column":51},"end":{"line":126,"column":52}},"loc":{"start":{"line":126,"column":65},"end":{"line":129,"column":1}},"line":126},"12":{"name":"(anonymous_12)","decl":{"start":{"line":131,"column":52},"end":{"line":131,"column":53}},"loc":{"start":{"line":131,"column":66},"end":{"line":143,"column":1}},"line":131},"13":{"name":"(anonymous_13)","decl":{"start":{"line":145,"column":57},"end":{"line":145,"column":58}},"loc":{"start":{"line":145,"column":71},"end":{"line":153,"column":1}},"line":145},"14":{"name":"(anonymous_14)","decl":{"start":{"line":155,"column":42},"end":{"line":155,"column":43}},"loc":{"start":{"line":155,"column":56},"end":{"line":163,"column":1}},"line":155},"15":{"name":"(anonymous_15)","decl":{"start":{"line":167,"column":29},"end":{"line":167,"column":30}},"loc":{"start":{"line":167,"column":43},"end":{"line":174,"column":1}},"line":167},"16":{"name":"(anonymous_16)","decl":{"start":{"line":178,"column":13},"end":{"line":178,"column":14}},"loc":{"start":{"line":178,"column":27},"end":{"line":180,"column":1}},"line":178},"17":{"name":"(anonymous_17)","decl":{"start":{"line":183,"column":8},"end":{"line":183,"column":9}},"loc":{"start":{"line":183,"column":33},"end":{"line":186,"column":1}},"line":183},"18":{"name":"(anonymous_18)","decl":{"start":{"line":190,"column":21},"end":{"line":190,"column":22}},"loc":{"start":{"line":190,"column":27},"end":{"line":196,"column":5}},"line":190}},"branchMap":{"0":{"loc":{"start":{"line":10,"column":13},"end":{"line":10,"column":37}},"type":"binary-expr","locations":[{"start":{"line":10,"column":13},"end":{"line":10,"column":29}},{"start":{"line":10,"column":33},"end":{"line":10,"column":37}}],"line":10},"1":{"loc":{"start":{"line":17,"column":12},"end":{"line":17,"column":50}},"type":"binary-expr","locations":[{"start":{"line":17,"column":12},"end":{"line":17,"column":38}},{"start":{"line":17,"column":42},"end":{"line":17,"column":50}}],"line":17},"2":{"loc":{"start":{"line":31,"column":4},"end":{"line":35,"column":5}},"type":"if","locations":[{"start":{"line":31,"column":4},"end":{"line":35,"column":5}},{"start":{"line":33,"column":11},"end":{"line":35,"column":5}}],"line":31},"3":{"loc":{"start":{"line":43,"column":4},"end":{"line":48,"column":5}},"type":"if","locations":[{"start":{"line":43,"column":4},"end":{"line":48,"column":5}},{"start":{"line":46,"column":11},"end":{"line":48,"column":5}}],"line":43},"4":{"loc":{"start":{"line":57,"column":4},"end":{"line":61,"column":5}},"type":"if","locations":[{"start":{"line":57,"column":4},"end":{"line":61,"column":5}},{"start":{"line":59,"column":11},"end":{"line":61,"column":5}}],"line":57},"5":{"loc":{"start":{"line":66,"column":4},"end":{"line":68,"column":5}},"type":"if","locations":[{"start":{"line":66,"column":4},"end":{"line":68,"column":5}},{"start":{},"end":{}}],"line":66},"6":{"loc":{"start":{"line":66,"column":8},"end":{"line":66,"column":46}},"type":"binary-expr","locations":[{"start":{"line":66,"column":8},"end":{"line":66,"column":20}},{"start":{"line":66,"column":24},"end":{"line":66,"column":46}}],"line":66},"7":{"loc":{"start":{"line":87,"column":4},"end":{"line":89,"column":5}},"type":"if","locations":[{"start":{"line":87,"column":4},"end":{"line":89,"column":5}},{"start":{},"end":{}}],"line":87},"8":{"loc":{"start":{"line":87,"column":8},"end":{"line":87,"column":29}},"type":"binary-expr","locations":[{"start":{"line":87,"column":8},"end":{"line":87,"column":13}},{"start":{"line":87,"column":17},"end":{"line":87,"column":29}}],"line":87},"9":{"loc":{"start":{"line":97,"column":8},"end":{"line":99,"column":9}},"type":"if","locations":[{"start":{"line":97,"column":8},"end":{"line":99,"column":9}},{"start":{},"end":{}}],"line":97},"10":{"loc":{"start":{"line":106,"column":4},"end":{"line":108,"column":5}},"type":"if","locations":[{"start":{"line":106,"column":4},"end":{"line":108,"column":5}},{"start":{},"end":{}}],"line":106},"11":{"loc":{"start":{"line":133,"column":4},"end":{"line":135,"column":5}},"type":"if","locations":[{"start":{"line":133,"column":4},"end":{"line":135,"column":5}},{"start":{},"end":{}}],"line":133},"12":{"loc":{"start":{"line":133,"column":8},"end":{"line":133,"column":23}},"type":"binary-expr","locations":[{"start":{"line":133,"column":8},"end":{"line":133,"column":13}},{"start":{"line":133,"column":17},"end":{"line":133,"column":23}}],"line":133},"13":{"loc":{"start":{"line":137,"column":4},"end":{"line":142,"column":5}},"type":"if","locations":[{"start":{"line":137,"column":4},"end":{"line":142,"column":5}},{"start":{"line":140,"column":11},"end":{"line":142,"column":5}}],"line":137},"14":{"loc":{"start":{"line":147,"column":4},"end":{"line":149,"column":5}},"type":"if","locations":[{"start":{"line":147,"column":4},"end":{"line":149,"column":5}},{"start":{},"end":{}}],"line":147},"15":{"loc":{"start":{"line":147,"column":8},"end":{"line":147,"column":50}},"type":"binary-expr","locations":[{"start":{"line":147,"column":8},"end":{"line":147,"column":13}},{"start":{"line":147,"column":17},"end":{"line":147,"column":24}},{"start":{"line":147,"column":28},"end":{"line":147,"column":50}}],"line":147},"16":{"loc":{"start":{"line":159,"column":4},"end":{"line":161,"column":5}},"type":"if","locations":[{"start":{"line":159,"column":4},"end":{"line":161,"column":5}},{"start":{},"end":{}}],"line":159},"17":{"loc":{"start":{"line":169,"column":4},"end":{"line":171,"column":5}},"type":"if","locations":[{"start":{"line":169,"column":4},"end":{"line":171,"column":5}},{"start":{},"end":{}}],"line":169},"18":{"loc":{"start":{"line":189,"column":0},"end":{"line":197,"column":1}},"type":"if","locations":[{"start":{"line":189,"column":0},"end":{"line":197,"column":1}},{"start":{},"end":{}}],"line":189}},"s":{"0":1,"1":1,"2":1,"3":1,"4":1,"5":1,"6":1,"7":1,"8":1,"9":1,"10":1,"11":1,"12":1,"13":23,"14":22,"15":1,"16":1,"17":6,"18":6,"19":6,"20":5,"21":5,"22":1,"23":1,"24":1,"25":1,"26":1,"27":2,"28":1,"29":1,"30":1,"31":0,"32":0,"33":0,"34":0,"35":0,"36":1,"37":1,"38":1,"39":1,"40":1,"41":5,"42":5,"43":1,"44":4,"45":4,"46":4,"47":3,"48":3,"49":1,"50":1,"51":0,"52":1,"53":1,"54":1,"55":0,"56":1,"57":1,"58":1,"59":1,"60":1,"61":1,"62":1,"63":0,"64":0,"65":1,"66":3,"67":3,"68":1,"69":8,"70":8,"71":1,"72":7,"73":7,"74":6,"75":6,"76":1,"77":1,"78":1,"79":1,"80":0,"81":1,"82":1,"83":1,"84":1,"85":1,"86":1,"87":1,"88":0,"89":1,"90":1,"91":3,"92":3,"93":1,"94":2,"95":2,"96":1,"97":0,"98":1,"99":0,"100":0,"101":1,"102":0,"103":0,"104":0,"105":0,"106":1},"f":{"0":23,"1":6,"2":1,"3":2,"4":0,"5":1,"6":1,"7":5,"8":1,"9":1,"10":0,"11":3,"12":8,"13":1,"14":1,"15":3,"16":0,"17":0,"18":0},"b":{"0":[1,1],"1":[1,1],"2":[22,1],"3":[5,1],"4":[1,1],"5":[0,0],"6":[0,0],"7":[1,4],"8":[5,5],"9":[1,0],"10":[0,1],"11":[1,7],"12":[8,8],"13":[6,1],"14":[0,1],"15":[1,1,1],"16":[0,1],"17":[1,2],"18":[0,1]},"_coverageSchema":"1a1c01bbd47fc00a2c39e90264f33305004495a9","hash":"bfebd96e1a67fabe8703f663109395a9b3eccc48"}
}
