TN:
SF:server/db.js
FN:23,loadDb
FN:34,saveDb
FN:42,getAllGroups
FN:43,(anonymous_3)
FN:45,(anonymous_4)
FN:46,(anonymous_5)
FN:47,(anonymous_6)
FN:51,getGroupById
FN:52,(anonymous_8)
FN:55,getGroupByName
FN:56,(anonymous_10)
FN:59,createGroup
FN:60,(anonymous_12)
FN:75,updateGroup
FN:85,deleteGroup
FN:86,(anonymous_15)
FN:89,(anonymous_16)
FN:96,getRulesByGroup
FN:97,(anonymous_18)
FN:98,(anonymous_19)
FN:99,(anonymous_20)
FN:102,createRule
FN:104,(anonymous_22)
FN:125,deleteRule
FN:126,(anonymous_24)
FN:133,bulkCreateRules
FN:147,validateUser
FN:148,(anonymous_27)
FN:156,changePassword
FN:157,(anonymous_29)
FN:166,exportGroupToFile
FN:177,(anonymous_31)
FN:180,(anonymous_32)
FN:184,(anonymous_33)
FN:187,(anonymous_34)
FN:191,(anonymous_35)
FN:194,(anonymous_36)
FN:203,exportAllGroups
FN:204,(anonymous_38)
FN:209,getStats
FN:212,(anonymous_40)
FN:213,(anonymous_41)
FNF:42
FNH:32
FNDA:1,loadDb
FNDA:14,saveDb
FNDA:1,getAllGroups
FNDA:1,(anonymous_3)
FNDA:0,(anonymous_4)
FNDA:0,(anonymous_5)
FNDA:0,(anonymous_6)
FNDA:15,getGroupById
FNDA:32,(anonymous_8)
FNDA:3,getGroupByName
FNDA:9,(anonymous_10)
FNDA:4,createGroup
FNDA:4,(anonymous_12)
FNDA:1,updateGroup
FNDA:0,deleteGroup
FNDA:0,(anonymous_15)
FNDA:0,(anonymous_16)
FNDA:16,getRulesByGroup
FNDA:69,(anonymous_18)
FNDA:6,(anonymous_19)
FNDA:43,(anonymous_20)
FNDA:10,createRule
FNDA:34,(anonymous_22)
FNDA:1,deleteRule
FNDA:1,(anonymous_24)
FNDA:1,bulkCreateRules
FNDA:6,validateUser
FNDA:6,(anonymous_27)
FNDA:0,changePassword
FNDA:0,(anonymous_29)
FNDA:13,exportGroupToFile
FNDA:26,(anonymous_31)
FNDA:18,(anonymous_32)
FNDA:26,(anonymous_33)
FNDA:5,(anonymous_34)
FNDA:26,(anonymous_35)
FNDA:3,(anonymous_36)
FNDA:0,exportAllGroups
FNDA:0,(anonymous_38)
FNDA:1,getStats
FNDA:8,(anonymous_40)
FNDA:8,(anonymous_41)
DA:1,1
DA:2,1
DA:3,1
DA:5,1
DA:6,1
DA:7,1
DA:10,1
DA:11,1
DA:14,1
DA:24,1
DA:25,1
DA:26,0
DA:29,0
DA:31,1
DA:35,14
DA:38,1
DA:43,1
DA:45,0
DA:46,0
DA:47,0
DA:52,32
DA:56,9
DA:60,4
DA:61,1
DA:63,3
DA:70,3
DA:71,3
DA:72,3
DA:76,1
DA:77,1
DA:78,1
DA:79,1
DA:80,1
DA:81,1
DA:86,0
DA:87,0
DA:88,0
DA:89,0
DA:90,0
DA:97,69
DA:98,16
DA:99,43
DA:103,10
DA:104,10
DA:105,34
DA:109,10
DA:110,1
DA:112,9
DA:120,9
DA:121,9
DA:122,9
DA:126,1
DA:127,1
DA:128,1
DA:129,1
DA:134,1
DA:135,1
DA:136,3
DA:137,3
DA:138,3
DA:139,3
DA:142,1
DA:148,6
DA:149,6
DA:150,6
DA:151,5
DA:153,1
DA:157,0
DA:158,0
DA:159,0
DA:160,0
DA:167,13
DA:168,13
DA:170,13
DA:171,13
DA:173,13
DA:174,0
DA:177,26
DA:178,13
DA:179,9
DA:180,18
DA:181,9
DA:184,26
DA:185,13
DA:186,5
DA:187,5
DA:188,5
DA:191,26
DA:192,13
DA:193,3
DA:194,3
DA:195,3
DA:198,13
DA:199,13
DA:200,13
DA:204,0
DA:210,1
DA:212,8
DA:213,8
DA:217,1
LF:100
LH:84
BRDA:5,0,0,1
BRDA:5,0,1,0
BRDA:10,1,0,1
BRDA:10,1,1,0
BRDA:11,2,0,1
BRDA:11,2,1,0
BRDA:15,3,0,1
BRDA:15,3,1,1
BRDA:25,4,0,0
BRDA:25,4,1,1
BRDA:45,5,0,0
BRDA:45,5,1,0
BRDA:46,6,0,0
BRDA:46,6,1,0
BRDA:47,7,0,0
BRDA:47,7,1,0
BRDA:60,8,0,1
BRDA:60,8,1,3
BRDA:77,9,0,1
BRDA:77,9,1,0
BRDA:79,10,0,1
BRDA:79,10,1,0
BRDA:87,11,0,0
BRDA:87,11,1,0
BRDA:96,12,0,15
BRDA:98,13,0,1
BRDA:98,13,1,15
BRDA:102,14,0,9
BRDA:105,15,0,34
BRDA:105,15,1,19
BRDA:105,15,2,11
BRDA:109,16,0,1
BRDA:109,16,1,9
BRDA:127,17,0,1
BRDA:127,17,1,0
BRDA:137,18,0,3
BRDA:137,18,1,0
BRDA:139,19,0,3
BRDA:139,19,1,0
BRDA:149,20,0,0
BRDA:149,20,1,6
BRDA:150,21,0,5
BRDA:150,21,1,1
BRDA:158,22,0,0
BRDA:158,22,1,0
BRDA:168,23,0,0
BRDA:168,23,1,13
BRDA:173,24,0,0
BRDA:173,24,1,13
BRDA:178,25,0,9
BRDA:178,25,1,4
BRDA:185,26,0,5
BRDA:185,26,1,8
BRDA:192,27,0,3
BRDA:192,27,1,10
BRDA:213,28,0,8
BRDA:213,28,1,6
BRF:57
BRH:35
end_of_record
TN:
SF:server/index.js
FN:30,requireAuth
FN:40,(anonymous_1)
FN:51,(anonymous_2)
FN:56,(anonymous_3)
FN:64,(anonymous_4)
FN:75,(anonymous_5)
FN:81,(anonymous_6)
FN:85,(anonymous_7)
FN:104,(anonymous_8)
FN:112,(anonymous_9)
FN:119,(anonymous_10)
FN:126,(anonymous_11)
FN:131,(anonymous_12)
FN:145,(anonymous_13)
FN:155,(anonymous_14)
FN:167,(anonymous_15)
FN:178,(anonymous_16)
FN:183,(anonymous_17)
FN:190,(anonymous_18)
FNF:19
FNH:14
FNDA:23,requireAuth
FNDA:6,(anonymous_1)
FNDA:1,(anonymous_2)
FNDA:2,(anonymous_3)
FNDA:0,(anonymous_4)
FNDA:1,(anonymous_5)
FNDA:1,(anonymous_6)
FNDA:5,(anonymous_7)
FNDA:1,(anonymous_8)
FNDA:1,(anonymous_9)
FNDA:0,(anonymous_10)
FNDA:3,(anonymous_11)
FNDA:8,(anonymous_12)
FNDA:1,(anonymous_13)
FNDA:1,(anonymous_14)
FNDA:3,(anonymous_15)
FNDA:0,(anonymous_16)
FNDA:0,(anonymous_17)
FNDA:0,(anonymous_18)
DA:1,1
DA:2,1
DA:3,1
DA:4,1
DA:5,1
DA:7,1
DA:9,1
DA:10,1
DA:13,1
DA:14,1
DA:15,1
DA:16,1
DA:27,1
DA:31,23
DA:32,22
DA:34,1
DA:40,1
DA:41,6
DA:42,6
DA:43,6
DA:44,5
DA:45,5
DA:47,1
DA:51,1
DA:52,1
DA:53,1
DA:56,1
DA:57,2
DA:58,1
DA:60,1
DA:64,1
DA:65,0
DA:66,0
DA:67,0
DA:69,0
DA:70,0
DA:75,1
DA:76,1
DA:81,1
DA:82,1
DA:85,1
DA:86,5
DA:87,5
DA:88,1
DA:91,4
DA:92,4
DA:93,4
DA:94,3
DA:95,3
DA:97,1
DA:98,1
DA:100,0
DA:104,1
DA:105,1
DA:106,1
DA:107,0
DA:109,1
DA:112,1
DA:113,1
DA:114,1
DA:115,1
DA:116,1
DA:119,1
DA:120,0
DA:121,0
DA:126,1
DA:127,3
DA:128,3
DA:131,1
DA:132,8
DA:133,8
DA:134,1
DA:136,7
DA:137,7
DA:138,6
DA:139,6
DA:141,1
DA:145,1
DA:146,1
DA:147,1
DA:148,0
DA:150,1
DA:151,1
DA:152,1
DA:155,1
DA:157,1
DA:158,1
DA:159,1
DA:160,0
DA:162,1
DA:167,1
DA:168,3
DA:169,3
DA:170,1
DA:172,2
DA:173,2
DA:178,1
DA:179,0
DA:183,1
DA:184,0
DA:185,0
DA:189,1
DA:190,0
DA:191,0
DA:192,0
DA:195,0
DA:200,1
LF:107
LH:89
BRDA:10,0,0,1
BRDA:10,0,1,1
BRDA:17,1,0,1
BRDA:17,1,1,1
BRDA:31,2,0,22
BRDA:31,2,1,1
BRDA:43,3,0,5
BRDA:43,3,1,1
BRDA:57,4,0,1
BRDA:57,4,1,1
BRDA:66,5,0,0
BRDA:66,5,1,0
BRDA:66,6,0,0
BRDA:66,6,1,0
BRDA:87,7,0,1
BRDA:87,7,1,4
BRDA:87,8,0,5
BRDA:87,8,1,5
BRDA:97,9,0,1
BRDA:97,9,1,0
BRDA:106,10,0,0
BRDA:106,10,1,1
BRDA:133,11,0,1
BRDA:133,11,1,7
BRDA:133,12,0,8
BRDA:133,12,1,8
BRDA:137,13,0,6
BRDA:137,13,1,1
BRDA:147,14,0,0
BRDA:147,14,1,1
BRDA:147,15,0,1
BRDA:147,15,1,1
BRDA:147,15,2,1
BRDA:159,16,0,0
BRDA:159,16,1,1
BRDA:169,17,0,1
BRDA:169,17,1,2
BRDA:189,18,0,0
BRDA:189,18,1,1
BRF:39
BRH:30
end_of_record
